[18:00:00] 📋 GAMT 投研看板 — 一键更新开始
[18:00:00] 📋 晚到数据模式：只更新 momentum_stock, patient_capital
[18:00:00] 📋 ═══ 强势股情绪 (momentum_stock) ═══
[18:00:00] 🔄 运行 size_spread/fund_nav/fund_nav_data.py
[18:00:07] ✅   完成 (6.7s)
[18:00:07] 🔄 运行 env_fit/momentum_stock/momentum_data.py
[18:00:13] ✅   完成 (5.3s)
[18:00:13] 🔄 运行 env_fit/momentum_stock/limit_index/limit_index_data.py
[18:00:32] ✅   完成 (19.3s)
[18:00:32] 🔄 运行 env_fit/momentum_stock/limit_index/seal_spread/seal_spread_data.py
[18:00:32] ✅   完成 (0.1s)
[18:00:32] 🔄 运行 env_fit/momentum_stock/momentum_sector.py
[18:00:35] ✅   完成 (2.8s)
[18:00:35] 🔄 运行 env_fit/momentum_stock/momentum_warning.py
[18:00:35] ✅   完成 (0.2s)
[18:00:35] 🔄 运行 env_fit/momentum_stock/momentum_return_decomp.py
[18:00:35] ✅   完成 (0.2s)
[18:00:35] 🔄 运行 env_fit/momentum_stock/inject_momentum.py
[18:00:35] ✅   完成 (0.1s)
[18:00:35] 🔄 运行 timing-research/generate_leader_pool.py
[18:00:35] ✅   完成 (0.1s)
[18:00:35] 🔄 运行 timing-research/export_leader_pool_history.py
[18:00:36] ✅   完成 (0.2s)
[18:00:36] 🔄 运行 timing-research/generate_replay_page.py
[18:00:36] ✅   完成 (0.2s)
[18:00:36] 🔄 运行 timing-research/push_limit_replay_feishu.py
[18:00:37] ✅   完成 (1.7s)

[18:00:37] 📋 ═══ 耐心资本 (patient_capital) ═══
[18:00:37] 🔄 运行 micro_flow/patient_capital/patient_data.py
[18:01:14] ✅   完成 (36.5s)
[18:01:14] 🔄 运行 micro_flow/patient_capital/patient_calc.py
[18:01:17] ✅   完成 (2.8s)

[18:01:17] 📋 ═══ 汇总 ═══
[18:01:17] 📋   ✅ 强势股情绪        (36.9s)
[18:01:17] 📋   ✅ 耐心资本         (39.3s)
[18:01:17] 📋 总耗时: 76.2s
[18:01:17] 📋 已更新 update_log.json
[18:01:17] 📋 ═══ Git Push ═══
[18:01:17] 同步到云端...
[main 8869d93] auto: update 2/2 modules
 29 files changed, 27605 insertions(+), 4174 deletions(-)
 create mode 100644 logs/late_update.log
 create mode 100644 timing-research/leader_pool_history/20260331.json
 create mode 100644 timing-research/leader_pool_history/20260401.json
[18:01:18] ✅ 同步完成
[18:01:19] ✅ 后端已重启
failed to store: -61
To https://github.com/byihuang-max/spread-dashboard.git
   bf80df1..8869d93  main -> main
[18:01:23] ✅ 推送成功
[18:01:23] ✅ 完成！
[18:00:00] 📋 GAMT 投研看板 — 一键更新开始
[18:00:00] 📋 晚到数据模式：只更新 momentum_stock, patient_capital
[18:00:00] 📋 ═══ 强势股情绪 (momentum_stock) ═══
[18:00:00] 🔄 运行 size_spread/fund_nav/fund_nav_data.py
[18:00:07] ✅   完成 (7.0s)
[18:00:07] 🔄 运行 env_fit/momentum_stock/momentum_data.py
[18:00:11] ✅   完成 (3.2s)
[18:00:11] 🔄 运行 env_fit/momentum_stock/limit_index/limit_index_data.py
[18:00:30] ✅   完成 (18.9s)
[18:00:30] 🔄 运行 env_fit/momentum_stock/limit_index/seal_spread/seal_spread_data.py
[18:00:30] ✅   完成 (0.1s)
[18:00:30] 🔄 运行 env_fit/momentum_stock/momentum_sector.py
[18:00:32] ✅   完成 (2.7s)
[18:00:32] 🔄 运行 env_fit/momentum_stock/momentum_warning.py
[18:00:33] ✅   完成 (0.2s)
[18:00:33] 🔄 运行 env_fit/momentum_stock/momentum_return_decomp.py
[18:00:33] ✅   完成 (0.3s)
[18:00:33] 🔄 运行 env_fit/momentum_stock/inject_momentum.py
[18:00:33] ✅   完成 (0.1s)
[18:00:33] 🔄 运行 timing-research/generate_leader_pool.py
[18:00:33] ✅   完成 (0.1s)
[18:00:33] 🔄 运行 timing-research/export_leader_pool_history.py
[18:00:33] ✅   完成 (0.2s)
[18:00:33] 🔄 运行 timing-research/generate_replay_page.py
[18:00:33] ✅   完成 (0.2s)
[18:00:33] 🔄 运行 timing-research/push_limit_replay_feishu.py
[18:00:35] ✅   完成 (2.1s)

[18:00:35] 📋 ═══ 耐心资本 (patient_capital) ═══
[18:00:35] 🔄 运行 micro_flow/patient_capital/patient_data.py
[18:00:52] ✅   完成 (16.3s)
[18:00:52] 🔄 运行 micro_flow/patient_capital/patient_calc.py
[18:00:54] ✅   完成 (2.8s)

[18:00:54] 📋 ═══ 汇总 ═══
[18:00:54] 📋   ✅ 强势股情绪        (35.0s)
[18:00:54] 📋   ✅ 耐心资本         (19.0s)
[18:00:54] 📋 总耗时: 54.0s
[18:00:54] 📋 已更新 update_log.json
[18:00:54] 📋 ═══ Git Push ═══
[18:00:55] 同步到云端...
[main 8195bcb] auto: update 2/2 modules
 28 files changed, 3963 insertions(+), 2545 deletions(-)
 create mode 100644 timing-research/leader_pool_history/20260402.json
[18:00:56] ✅ 同步完成
[18:00:57] ✅ 后端已重启
failed to store: -61
To https://github.com/byihuang-max/spread-dashboard.git
   8869d93..8195bcb  main -> main
[18:01:03] ✅ 推送成功
[18:01:03] ✅ 完成！
[18:00:00] 📋 GAMT 投研看板 — 一键更新开始
[18:00:00] 📋 晚到数据模式：只更新 momentum_stock, patient_capital
[18:00:00] 📋 ═══ 强势股情绪 (momentum_stock) ═══
[18:00:00] 🔄 运行 size_spread/fund_nav/fund_nav_data.py
[18:00:07] ✅   完成 (6.7s)
[18:00:07] 🔄 运行 env_fit/momentum_stock/momentum_data.py
[18:00:10] ✅   完成 (2.9s)
[18:00:10] 🔄 运行 env_fit/momentum_stock/limit_index/limit_index_data.py
[18:00:29] ✅   完成 (19.0s)
[18:00:29] 🔄 运行 env_fit/momentum_stock/limit_index/seal_spread/seal_spread_data.py
[18:00:29] ✅   完成 (0.1s)
[18:00:29] 🔄 运行 env_fit/momentum_stock/momentum_sector.py
[18:00:32] ✅   完成 (2.5s)
[18:00:32] 🔄 运行 env_fit/momentum_stock/momentum_warning.py
[18:00:32] ✅   完成 (0.1s)
[18:00:32] 🔄 运行 env_fit/momentum_stock/momentum_return_decomp.py
[18:00:32] ✅   完成 (0.2s)
[18:00:32] 🔄 运行 env_fit/momentum_stock/inject_momentum.py
[18:00:32] ✅   完成 (0.1s)
[18:00:32] 🔄 运行 timing-research/generate_leader_pool.py
[18:00:32] ✅   完成 (0.1s)
[18:00:32] 🔄 运行 timing-research/export_leader_pool_history.py
[18:00:32] ✅   完成 (0.2s)
[18:00:32] 🔄 运行 timing-research/generate_replay_page.py
[18:00:32] ✅   完成 (0.1s)
[18:00:32] 🔄 运行 timing-research/push_limit_replay_feishu.py
[18:00:33] ✅   完成 (1.0s)

[18:00:33] 📋 ═══ 耐心资本 (patient_capital) ═══
[18:00:33] 🔄 运行 micro_flow/patient_capital/patient_data.py
[18:00:43] ✅   完成 (9.2s)
[18:00:43] 🔄 运行 micro_flow/patient_capital/patient_calc.py
[18:00:46] ✅   完成 (2.9s)

[18:00:46] 📋 ═══ 汇总 ═══
[18:00:46] 📋   ✅ 强势股情绪        (33.2s)
[18:00:46] 📋   ✅ 耐心资本         (12.1s)
[18:00:46] 📋 总耗时: 45.3s
[18:00:46] 📋 已更新 update_log.json
[18:00:46] 📋 ═══ Git Push ═══
[18:00:46] 同步到云端...
[main 625131d] auto: update 2/2 modules
 29 files changed, 4134 insertions(+), 2456 deletions(-)
 create mode 100644 fund_analysis/fixed_income_plus.py
 create mode 100644 timing-research/leader_pool_history/20260403.json
[18:00:47] ✅ 同步完成
failed to store: -61
[18:00:48] ✅ 后端已重启
To https://github.com/byihuang-max/spread-dashboard.git
   8195bcb..625131d  main -> main
[18:00:52] ✅ 推送成功
[18:00:52] ✅ 完成！
[18:00:00] 📋 GAMT 投研看板 — 一键更新开始
[18:00:00] 📋 晚到数据模式：只更新 momentum_stock, patient_capital
[18:00:00] 📋 ═══ 强势股情绪 (momentum_stock) ═══
[18:00:00] 🔄 运行 size_spread/fund_nav/fund_nav_data.py
[18:00:06] ✅   完成 (6.3s)
[18:00:06] 🔄 运行 env_fit/momentum_stock/momentum_data.py
[18:00:07] ✅   完成 (1.2s)
[18:00:07] 🔄 运行 env_fit/momentum_stock/limit_index/limit_index_data.py
[18:00:25] ✅   完成 (18.0s)
[18:00:25] 🔄 运行 env_fit/momentum_stock/limit_index/seal_spread/seal_spread_data.py
[18:00:26] ✅   完成 (0.1s)
[18:00:26] 🔄 运行 env_fit/momentum_stock/momentum_sector.py
[18:00:26] ✅   完成 (0.9s)
[18:00:26] 🔄 运行 env_fit/momentum_stock/momentum_warning.py
[18:00:27] ✅   完成 (0.2s)
[18:00:27] 🔄 运行 env_fit/momentum_stock/momentum_return_decomp.py
[18:00:27] ✅   完成 (0.2s)
[18:00:27] 🔄 运行 env_fit/momentum_stock/inject_momentum.py
[18:00:27] ✅   完成 (0.2s)
[18:00:27] 🔄 运行 timing-research/generate_leader_pool.py
[18:00:27] ✅   完成 (0.1s)
[18:00:27] 🔄 运行 timing-research/export_leader_pool_history.py
[18:00:27] ✅   完成 (0.2s)
[18:00:27] 🔄 运行 timing-research/generate_replay_page.py
[18:00:27] ✅   完成 (0.1s)
[18:00:27] 🔄 运行 timing-research/push_limit_replay_feishu.py
[18:00:28] ✅   完成 (0.9s)

[18:00:28] 📋 ═══ 耐心资本 (patient_capital) ═══
[18:00:28] 🔄 运行 micro_flow/patient_capital/patient_data.py
[18:00:36] ✅   完成 (7.5s)
[18:00:36] 🔄 运行 micro_flow/patient_capital/patient_calc.py
[18:00:39] ✅   完成 (2.8s)

[18:00:39] 📋 ═══ 汇总 ═══
[18:00:39] 📋   ✅ 强势股情绪        (28.3s)
[18:00:39] 📋   ✅ 耐心资本         (10.3s)
[18:00:39] 📋 总耗时: 38.6s
[18:00:39] 📋 已更新 update_log.json
[18:00:39] 📋 ═══ 择时敞口评分页 ═══
[18:00:39] 🔄 运行 fetch_full_a_amount.py
[18:00:40] ✅   完成 (1.4s)
[18:00:40] 🔄 运行 ml_exposure_score.py
[18:00:50] ✅   完成 (9.8s)
[18:00:50] 🔄 运行 generate_ml_exposure_page.py
[18:00:50] ✅   完成 (0.1s)
[18:00:50] 🔄 运行 live_exposure_nav.py
[18:00:51] ✅   完成 (0.8s)
[18:00:51] 🔄 运行 generate_live_exposure_page.py
[18:00:51] ✅   完成 (0.8s)

[18:00:51] 📋 ═══ Git Push ═══
[18:00:52] 同步到云端...
[main 55a8213] auto: update 3/3 modules
 16 files changed, 81 insertions(+), 14 deletions(-)
[18:00:53] ✅ 同步完成
[18:00:53] ✅ 后端已重启
[18:01:22] ❌ Git 失败: Command '['git', 'push', 'origin', 'main']' timed out after 30 seconds
[18:01:22] ✅ 完成！
fatal: Authentication failed for 'https://github.com/byihuang-max/spread-dashboard.git/'
