[11:38:59] 📋 GAMT 投研看板 — 一键更新开始
[11:38:59] 📋 ═══ 强势股情绪 (momentum_stock) ═══
[11:38:59] 🔄 运行 size_spread/fund_nav/fund_nav_data.py
[11:39:06] ✅   完成 (7.2s)
[11:39:06] 🔄 运行 env_fit/momentum_stock/momentum_data.py
[11:39:09] ✅   完成 (2.7s)
[11:39:09] 🔄 运行 env_fit/momentum_stock/limit_index/limit_index_data.py
[11:39:32] ✅   完成 (23.8s)
[11:39:32] 🔄 运行 env_fit/momentum_stock/limit_index/seal_spread/seal_spread_data.py
[11:39:32] ✅   完成 (0.1s)
[11:39:32] 🔄 运行 env_fit/momentum_stock/momentum_sector.py
[11:39:36] ✅   完成 (3.1s)
[11:39:36] 🔄 运行 env_fit/momentum_stock/momentum_warning.py
[11:39:36] ✅   完成 (0.2s)
[11:39:36] 🔄 运行 env_fit/momentum_stock/momentum_return_decomp.py
[11:39:36] ✅   完成 (0.3s)
[11:39:36] 🔄 运行 env_fit/momentum_stock/inject_momentum.py
[11:39:36] ✅   完成 (0.2s)
[11:39:36] 🔄 运行 timing-research/generate_leader_pool.py
[11:39:36] ✅   完成 (0.1s)

[11:39:36] 📋 ═══ 汇总 ═══
[11:39:36] 📋   ✅ 强势股情绪        (37.7s)
[11:39:36] 📋 总耗时: 37.7s
[11:39:36] 📋 已更新 update_log.json
[11:39:36] 📋 ═══ Git Push ═══
[11:39:37] 同步到云端...
[main a42b7ac] auto: update 1/1 modules
 37 files changed, 28076 insertions(+), 26229 deletions(-)
 create mode 100644 logs/momentum_late.log
 create mode 100644 logs/update_all.log
 create mode 100644 "smart-notes/023_MOM\344\270\232\345\212\241\345\220\210\344\275\234\344\270\216\347\263\273\347\273\237\346\226\271\346\241\210\346\262\211\346\267\200_2026-03-26.md"
 create mode 100644 "smart-notes/sessions/2026-03-27_\346\234\254\345\234\260cron\344\277\256\345\244\215\344\270\216\345\274\272\345\212\277\350\202\241\350\241\245\350\267\221.md"
[11:39:38] ✅ 同步完成
[11:39:38] ✅ 后端已重启
failed to store: -61
To https://github.com/byihuang-max/spread-dashboard.git
 ! [rejected]        main -> main (fetch first)
error: failed to push some refs to 'https://github.com/byihuang-max/spread-dashboard.git'
hint: Updates were rejected because the remote contains work that you do not
hint: have locally. This is usually caused by another repository pushing to
hint: the same ref. If you want to integrate the remote changes, use
hint: 'git pull' before pushing again.
hint: See the 'Note about fast-forwards' in 'git push --help' for details.
[11:39:40] ❌ Git 失败: Command '['git', 'push', 'origin', 'main']' returned non-zero exit status 1.
[11:39:40] ✅ 完成！
[18:00:00] 📋 GAMT 投研看板 — 一键更新开始
[18:00:00] 📋 ═══ 强势股情绪 (momentum_stock) ═══
[18:00:00] 🔄 运行 size_spread/fund_nav/fund_nav_data.py
[18:00:07] ✅   完成 (7.1s)
[18:00:07] 🔄 运行 env_fit/momentum_stock/momentum_data.py
[18:00:11] ✅   完成 (3.3s)
[18:00:11] 🔄 运行 env_fit/momentum_stock/limit_index/limit_index_data.py
[18:00:31] ✅   完成 (20.2s)
[18:00:31] 🔄 运行 env_fit/momentum_stock/limit_index/seal_spread/seal_spread_data.py
[18:00:31] ✅   完成 (0.1s)
[18:00:31] 🔄 运行 env_fit/momentum_stock/momentum_sector.py
[18:00:32] ✅   完成 (1.2s)
[18:00:32] 🔄 运行 env_fit/momentum_stock/momentum_warning.py
[18:00:32] ✅   完成 (0.2s)
[18:00:32] 🔄 运行 env_fit/momentum_stock/momentum_return_decomp.py
[18:00:33] ✅   完成 (0.3s)
[18:00:33] 🔄 运行 env_fit/momentum_stock/inject_momentum.py
[18:00:33] ✅   完成 (0.2s)
[18:00:33] 🔄 运行 timing-research/generate_leader_pool.py
[18:00:33] ✅   完成 (0.1s)
[18:00:33] 🔄 运行 timing-research/export_leader_pool_history.py
[18:00:33] ✅   完成 (0.2s)
[18:00:33] 🔄 运行 timing-research/generate_replay_page.py
[18:00:33] ✅   完成 (0.2s)
[18:00:33] 🔄 运行 timing-research/push_limit_replay_feishu.py
[18:00:36] ✅   完成 (2.3s)

[18:00:36] 📋 ═══ 汇总 ═══
[18:00:36] 📋   ✅ 强势股情绪        (35.4s)
[18:00:36] 📋 总耗时: 35.4s
[18:00:36] 📋 已更新 update_log.json
[18:00:36] 📋 ═══ Git Push ═══
[18:00:36] 同步到云端...
[main 33a5301] auto: update 1/1 modules
 22 files changed, 1629 insertions(+), 617 deletions(-)
 create mode 100644 timing-research/leader_pool_history/20260330.json
