[11:38:59] 📋 GAMT 投研看板 — 一键更新开始
[11:38:59] 📋 ═══ 产品净值 (fund_nav) ═══
[11:38:59] 🔄 运行 size_spread/fund_nav/fund_nav_data.py
[11:39:06] ✅   完成 (7.1s)

[11:39:06] 📋 ═══ 风格轧差 (style_spread) ═══
[11:39:06] 🔄 运行 size_spread/fetch_incremental.py
[11:39:12] ✅   完成 (6.1s)
[11:39:12] 🔄 运行 size_spread/compute_spreads.py
[11:39:14] ✅   完成 (2.2s)
[11:39:14] 🔄 运行 size_spread/render_html.py
[11:39:14] ✅   完成 (0.1s)

[11:39:14] 📋 ═══ 宽基量化股票 (quant_stock) ═══
[11:39:14] 🔄 运行 size_spread/fund_nav/fund_nav_data.py
[11:39:20] ✅   完成 (5.8s)
[11:39:20] 🔄 运行 env_fit/quant_stock/quant_stock_data.py
[11:39:41] ✅   完成 (21.0s)
[11:39:41] 🔄 运行 env_fit/quant_stock/excess_attribution.py
[11:39:41] ✅   完成 (0.1s)
[11:39:41] 🔄 运行 env_fit/quant_stock/inject_quant_stock.py
[11:39:41] ✅   完成 (0.1s)

[11:39:41] 📋 ═══ 强势股情绪 (momentum_stock) ═══
[11:39:41] 🔄 运行 size_spread/fund_nav/fund_nav_data.py
[11:39:47] ✅   完成 (5.9s)
[11:39:47] 🔄 运行 env_fit/momentum_stock/momentum_data.py
[11:39:48] ✅   完成 (0.6s)
[11:39:48] 🔄 运行 env_fit/momentum_stock/limit_index/limit_index_data.py
[11:40:09] ✅   完成 (21.2s)
[11:40:09] 🔄 运行 env_fit/momentum_stock/limit_index/seal_spread/seal_spread_data.py
[11:40:09] ✅   完成 (0.1s)
[11:40:09] 🔄 运行 env_fit/momentum_stock/momentum_sector.py
[11:40:10] ✅   完成 (1.2s)
[11:40:10] 🔄 运行 env_fit/momentum_stock/momentum_warning.py
[11:40:10] ✅   完成 (0.2s)
[11:40:10] 🔄 运行 env_fit/momentum_stock/momentum_return_decomp.py
[11:40:11] ✅   完成 (0.3s)
[11:40:11] 🔄 运行 env_fit/momentum_stock/inject_momentum.py
[11:40:11] ✅   完成 (0.2s)
[11:40:11] 🔄 运行 timing-research/generate_leader_pool.py
[11:40:11] ✅   完成 (0.1s)

[11:40:11] 📋 ═══ 商品CTA (commodity_cta) ═══
[11:40:11] 🔄 运行 size_spread/fund_nav/fund_nav_data.py
[11:40:17] ✅   完成 (5.8s)
[11:40:17] 🔄 运行 env_fit/commodity_cta/commodity_data.py
[11:40:20] ✅   完成 (3.3s)
[11:40:20] 🔄 运行 env_fit/commodity_cta/mod1_cta_env.py
[11:40:20] ✅   完成 (0.1s)
[11:40:20] 🔄 运行 env_fit/commodity_cta/mod1b_pca_engine.py
[11:40:34] ✅   完成 (13.8s)
[11:40:34] 🔄 运行 env_fit/commodity_cta/mod1c_market_vol.py
[11:40:34] ✅   完成 (0.2s)
[11:40:34] 🔄 运行 env_fit/commodity_cta/mod2_trend_scan.py
[11:40:34] ✅   完成 (0.2s)
[11:40:34] 🔄 运行 env_fit/commodity_cta/mod3_macro_ratio.py
[11:40:34] ✅   完成 (0.1s)
[11:40:34] 🔄 运行 env_fit/commodity_cta/commodity_cta_main.py
[11:40:34] ✅   完成 (0.1s)
[11:40:34] 🔄 运行 env_fit/commodity_cta/inject_commodity_cta.py
[11:40:35] ✅   完成 (0.1s)

[11:40:35] 📋 ═══ 转债指增 (cb_env) ═══
[11:40:35] 🔄 运行 size_spread/fund_nav/fund_nav_data.py
[11:40:40] ✅   完成 (5.6s)
[11:40:40] 🔄 运行 env_fit/cb_env/cb_data.py
[11:41:04] ✅   完成 (23.3s)
[11:41:04] 🔄 运行 env_fit/cb_env/cb_calc.py
[11:41:04] ✅   完成 (0.4s)
[11:41:04] 🔄 运行 env_fit/cb_env/inject_cb_env.py
[11:41:04] ✅   完成 (0.1s)
[11:41:04] 🔄 运行 env_fit/cb_env/inject_cb_nav.py
[11:41:04] ✅   完成 (0.1s)

[11:41:04] 📋 ═══ 红灯预警（A股） (alerts) ═══
[11:41:04] 🔄 运行 alerts/alerts_data.py
[11:41:10] ✅   完成 (5.5s)
[11:41:10] 🔄 运行 alerts/alerts_calc.py
[11:41:11] ✅   完成 (1.1s)

[11:41:11] 📋 ═══ 美股风险监控 (us_alerts) ═══
[11:41:11] 🔄 运行 alerts/us_alerts_data.py
[11:41:20] ✅   完成 (9.1s)
[11:41:20] 🔄 运行 alerts/us_alerts_calc.py
[11:41:21] ✅   完成 (1.4s)

[11:41:21] 📋 ═══ 资金流拥挤度 (crowding) ═══
[11:41:21] 🔄 运行 micro_flow/crowding/crowding_data.py
[11:41:41] ✅   完成 (19.8s)
[11:41:41] 🔄 运行 micro_flow/crowding/crowding_calc.py
[11:41:42] ✅   完成 (1.3s)

[11:41:42] 📋 ═══ 期权情绪 (option_sentiment) ═══
[11:41:42] 🔄 运行 micro_flow/option_sentiment/option_data.py
[11:41:56] ✅   完成 (13.9s)
[11:41:56] 🔄 运行 micro_flow/option_sentiment/option_calc.py
[11:42:36] ✅   完成 (39.7s)

[11:42:36] 📋 ═══ 耐心资本 (patient_capital) ═══
[11:42:36] 🔄 运行 micro_flow/patient_capital/patient_data.py
[11:42:44] ✅   完成 (8.3s)
[11:42:44] 🔄 运行 micro_flow/patient_capital/patient_calc.py
[11:42:47] ✅   完成 (3.0s)

[11:42:47] 📋 ═══ 宏观流动性 (macro_liquidity) ═══
[11:42:47] 🔄 运行 macro/liquidity/liquidity_data.py
[11:42:53] ✅   完成 (5.5s)
[11:42:53] 🔄 运行 macro/liquidity/liquidity_calc.py
[11:42:54] ✅   完成 (1.0s)

[11:42:54] 📋 ═══ 利率数据 (macro_rates) ═══
[11:42:54] 🔄 运行 macro/rates/rates_data.py
[11:42:59] ✅   完成 (5.8s)
[11:42:59] 🔄 运行 macro/rates/rates_calc.py
[11:43:00] ✅   完成 (1.0s)

[11:43:00] 📋 ═══ 基本面数据 (macro_fundamentals) ═══
[11:43:00] 🔄 运行 macro/fundamentals/fundamentals_data.py
[11:43:03] ✅   完成 (2.8s)
[11:43:03] 🔄 运行 macro/fundamentals/fundamentals_calc.py
[11:43:04] ✅   完成 (1.0s)

[11:43:04] 📋 ═══ 反脆弱看板 (antifragile) ═══
[11:43:04] 🔄 运行 meme/antifragile/fetch_data_ifind.py
[11:43:08] ✅   完成 (4.0s)
[11:43:08] 🔄 运行 meme/antifragile/calc_corr.py
[11:43:09] ✅   完成 (1.1s)
[11:43:09] 🔄 运行 meme/antifragile/calc_meme.py
[11:43:10] ✅   完成 (1.0s)
[11:43:10] 🔄 运行 meme/antifragile/render_html.py
[11:43:11] ✅   完成 (1.0s)

[11:43:11] 📋 ═══ 叙事监控 (narrative_monitor) ═══
[11:43:11] 🔄 运行 daily_report/meme交易/narrative_monitor.py
[11:43:29] ✅   完成 (17.7s)

[11:43:29] 📋 ═══ 叙事生命周期 (narrative_lifecycle) ═══
[11:43:29] 🔄 运行 meme/macro_lifecycle.py
[11:43:29] ✅   完成 (0.3s)

[11:43:29] 📋 ═══ 中观景气度 (chain_prosperity) ═══
[11:43:29] 🔄 运行 meso/chain_prosperity/chain_data.py
[11:43:55] ✅   完成 (26.0s)
[11:43:55] 🔄 运行 meso/chain_prosperity/chain_calc.py
[11:43:56] ✅   完成 (1.0s)

[11:43:56] 📋 ═══ 宏观打分+策略适配 (macro_score) ═══
[11:43:56] 🔄 运行 macro/score/macro_score.py
[11:43:56] ✅   完成 (0.1s)

[11:43:56] 📋 ═══ 择时因子系统 (timing_factors) ═══
[11:43:56] ❌ 外部脚本不存在: /Users/apple/quant-backtest/timing_model/factor_system/daily_update.py

[11:43:56] 📋 ═══ 套利 (arbitrage) ═══
[11:43:56] 🔄 运行 size_spread/fund_nav/fund_nav_data.py
[11:44:02] ✅   完成 (5.6s)
[11:44:02] 🔄 运行 env_fit/arbitrage/fetch_incremental.py
[11:44:56] ✅   完成 (54.3s)
[11:44:56] 🔄 运行 env_fit/arbitrage/mod1_index_arb.py
[11:45:10] ✅   完成 (13.6s)
[11:45:10] 🔄 运行 env_fit/arbitrage/mod2_commodity_arb.py
[11:45:10] ✅   完成 (0.5s)
[11:45:10] 🔄 运行 env_fit/arbitrage/mod3_option_arb.py
[11:46:00] ✅   完成 (49.6s)

[11:46:00] 📋 ═══ HALO交易 (halo_trade) ═══
[11:46:00] 🔄 运行 halo_trade/halo_data_ifind_full.py
[11:46:18] ✅   完成 (17.8s)
[11:46:18] 🔄 运行 halo_trade/halo_financials_tushare.py
[11:46:27] ✅   完成 (8.9s)
[11:46:27] 🔄 运行 halo_trade/halo_pe_scissors_tushare.py
[11:46:29] ✅   完成 (2.1s)
[11:46:29] 🔄 运行 halo_trade/halo_calc.py
[11:46:30] ✅   完成 (1.0s)
[11:46:30] 🔄 运行 halo_trade/china_halo.py
[11:46:38] ✅   完成 (8.1s)

[11:46:38] 📋 ═══ 汇总 ═══
[11:46:38] 📋   ✅ 产品净值         (7.1s)
[11:46:38] 📋   ✅ 风格轧差         (8.4s)
[11:46:38] 📋   ✅ 宽基量化股票       (27.1s)
[11:46:38] 📋   ✅ 强势股情绪        (29.7s)
[11:46:38] 📋   ✅ 商品CTA        (23.7s)
[11:46:38] 📋   ✅ 转债指增         (29.5s)
[11:46:38] 📋   ✅ 红灯预警（A股）     (6.6s)
[11:46:38] 📋   ✅ 美股风险监控       (10.5s)
[11:46:38] 📋   ✅ 资金流拥挤度       (21.0s)
[11:46:38] 📋   ✅ 期权情绪         (53.6s)
[11:46:38] 📋   ✅ 耐心资本         (11.3s)
[11:46:38] 📋   ✅ 宏观流动性        (6.5s)
[11:46:38] 📋   ✅ 利率数据         (6.8s)
[11:46:38] 📋   ✅ 基本面数据        (3.8s)
[11:46:38] 📋   ✅ 反脆弱看板        (7.1s)
[11:46:38] 📋   ✅ 叙事监控         (17.7s)
[11:46:38] 📋   ✅ 叙事生命周期       (0.3s)
[11:46:38] 📋   ✅ 中观景气度        (27.0s)
[11:46:38] 📋   ✅ 宏观打分+策略适配    (0.1s)
[11:46:38] 📋   ❌ 择时因子系统       (0.0s)
[11:46:38] 📋   ✅ 套利           (123.6s)
[11:46:38] 📋   ✅ HALO交易       (37.9s)
[11:46:38] 📋 总耗时: 459.3s
[11:46:38] 📋 已更新 update_log.json
[11:46:38] 📋 ═══ Git Push ═══
[11:46:39] 同步到云端...
[11:46:40] ✅ 同步完成
[11:46:40] ✅ 后端已重启
[main 7e6dad3] auto: update 21/22 modules
 72 files changed, 235997 insertions(+), 217347 deletions(-)
 create mode 100644 "daily_report/meme\344\272\244\346\230\223/cache/narrative_20260328_1143.json"
failed to store: -61
To https://github.com/byihuang-max/spread-dashboard.git
 ! [rejected]        main -> main (fetch first)
error: failed to push some refs to 'https://github.com/byihuang-max/spread-dashboard.git'
hint: Updates were rejected because the remote contains work that you do not
hint: have locally. This is usually caused by another repository pushing to
hint: the same ref. If you want to integrate the remote changes, use
hint: 'git pull' before pushing again.
hint: See the 'Note about fast-forwards' in 'git push --help' for details.
[11:46:42] ❌ Git 失败: Command '['git', 'push', 'origin', 'main']' returned non-zero exit status 1.
[11:46:42] ✅ 完成！
