[08:20:00] 📋 GAMT 投研看板 — 一键更新开始
[08:20:00] 📋 早间主更新模式：跳过晚到数据模块
[08:20:00] 📋 ═══ 产品净值 (fund_nav) ═══
[08:20:00] 🔄 运行 size_spread/fund_nav/fund_nav_data.py
[08:20:07] ✅   完成 (6.5s)

[08:20:07] 📋 ═══ 风格轧差 (style_spread) ═══
[08:20:07] 🔄 运行 size_spread/fetch_incremental.py
[08:20:13] ✅   完成 (6.6s)
[08:20:13] 🔄 运行 size_spread/compute_spreads.py
[08:20:15] ✅   完成 (1.7s)
[08:20:15] 🔄 运行 size_spread/render_html.py
[08:20:15] ✅   完成 (0.1s)

[08:20:15] 📋 ═══ 宽基量化股票 (quant_stock) ═══
[08:20:15] 🔄 运行 size_spread/fund_nav/fund_nav_data.py
[08:20:21] ✅   完成 (5.5s)
[08:20:21] 🔄 运行 env_fit/quant_stock/quant_stock_data.py
[08:20:41] ✅   完成 (20.7s)
[08:20:41] 🔄 运行 env_fit/quant_stock/excess_attribution.py
[08:20:41] ✅   完成 (0.1s)
[08:20:41] 🔄 运行 env_fit/quant_stock/inject_quant_stock.py
[08:20:41] ✅   完成 (0.1s)

[08:20:41] 📋 ═══ 商品CTA (commodity_cta) ═══
[08:20:41] 🔄 运行 size_spread/fund_nav/fund_nav_data.py
[08:20:47] ✅   完成 (5.6s)
[08:20:47] 🔄 运行 env_fit/commodity_cta/commodity_data.py
[08:20:48] ✅   完成 (1.0s)
[08:20:48] 🔄 运行 env_fit/commodity_cta/mod1_cta_env.py
[08:20:48] ✅   完成 (0.1s)
[08:20:48] 🔄 运行 env_fit/commodity_cta/mod1b_pca_engine.py
[08:21:03] ✅   完成 (14.4s)
[08:21:03] 🔄 运行 env_fit/commodity_cta/mod1c_market_vol.py
[08:21:03] ✅   完成 (0.2s)
[08:21:03] 🔄 运行 env_fit/commodity_cta/mod2_trend_scan.py
[08:21:03] ✅   完成 (0.2s)
[08:21:03] 🔄 运行 env_fit/commodity_cta/mod2b_pca_loading.py
[08:21:03] ✅   完成 (0.1s)
[08:21:03] 🔄 运行 env_fit/commodity_cta/mod3_macro_ratio.py
[08:21:03] ✅   完成 (0.1s)
[08:21:03] 🔄 运行 env_fit/commodity_cta/commodity_cta_main.py
[08:21:03] ✅   完成 (0.1s)
[08:21:03] 🔄 运行 env_fit/commodity_cta/inject_commodity_cta.py
[08:21:03] ✅   完成 (0.1s)

[08:21:03] 📋 ═══ 转债指增 (cb_env) ═══
[08:21:03] 🔄 运行 size_spread/fund_nav/fund_nav_data.py
[08:21:09] ✅   完成 (5.5s)
[08:21:09] 🔄 运行 env_fit/cb_env/cb_data.py
[08:21:29] ✅   完成 (20.2s)
[08:21:29] 🔄 运行 env_fit/cb_env/cb_calc.py
[08:21:29] ✅   完成 (0.3s)
[08:21:29] 🔄 运行 env_fit/cb_env/inject_cb_env.py
[08:21:29] ✅   完成 (0.1s)
[08:21:29] 🔄 运行 env_fit/cb_env/inject_cb_nav.py
[08:21:29] ✅   完成 (0.1s)

[08:21:29] 📋 ═══ 红灯预警（A股） (alerts) ═══
[08:21:29] 🔄 运行 alerts/alerts_data.py
[08:21:32] ✅   完成 (2.8s)
[08:21:32] 🔄 运行 alerts/alerts_calc.py
[08:21:33] ✅   完成 (1.0s)

[08:21:33] 📋 ═══ 美股风险监控 (us_alerts) ═══
[08:21:33] 🔄 运行 alerts/us_alerts_data.py
[08:21:41] ✅   完成 (7.6s)
[08:21:41] 🔄 运行 alerts/us_alerts_calc.py
[08:21:42] ✅   完成 (1.2s)

[08:21:42] 📋 ═══ 资金流拥挤度 (crowding) ═══
[08:21:42] 🔄 运行 micro_flow/crowding/crowding_data.py
[08:22:02] ✅   完成 (19.8s)
[08:22:02] 🔄 运行 micro_flow/crowding/crowding_calc.py
[08:22:03] ✅   完成 (1.2s)

[08:22:03] 📋 ═══ 期权情绪 (option_sentiment) ═══
[08:22:03] 🔄 运行 micro_flow/option_sentiment/option_data.py
[08:22:11] ✅   完成 (7.6s)
[08:22:11] 🔄 运行 micro_flow/option_sentiment/option_calc.py
[08:22:51] ✅   完成 (40.3s)

[08:22:51] 📋 ═══ 宏观流动性 (macro_liquidity) ═══
[08:22:51] 🔄 运行 macro/liquidity/liquidity_data.py
[08:22:53] ❌   失败 (1.8s): _string
  File "pandas/_libs/tslibs/parsing.pyx", line 688, in pandas._libs.tslibs.parsing.dateutil_parse
pandas._libs.tslibs.parsing.DateParseError: year must be in 1..9999, not 20260330: 20260330.0

[08:22:53] ❌   数据脚本失败，跳过注入

[08:22:53] 📋 ═══ 利率数据 (macro_rates) ═══
[08:22:53] 🔄 运行 macro/rates/rates_data.py
[08:22:56] ✅   完成 (3.6s)
[08:22:56] 🔄 运行 macro/rates/rates_calc.py
[08:22:57] ✅   完成 (0.8s)

[08:22:57] 📋 ═══ 基本面数据 (macro_fundamentals) ═══
[08:22:57] 🔄 运行 macro/fundamentals/fundamentals_data.py
[08:23:41] ✅   完成 (43.8s)
[08:23:41] 🔄 运行 macro/fundamentals/fundamentals_calc.py
[08:23:42] ✅   完成 (1.0s)

[08:23:42] 📋 ═══ 反脆弱看板 (antifragile) ═══
[08:23:42] 🔄 运行 meme/antifragile/fetch_data_ifind.py
[08:23:58] ✅   完成 (15.8s)
[08:23:58] 🔄 运行 meme/antifragile/calc_corr.py
[08:23:59] ✅   完成 (1.1s)
[08:23:59] 🔄 运行 meme/antifragile/calc_meme.py
[08:24:00] ✅   完成 (1.0s)
[08:24:00] 🔄 运行 meme/antifragile/render_html.py
[08:24:01] ✅   完成 (0.9s)

[08:24:01] 📋 ═══ 叙事监控 (narrative_monitor) ═══
[08:24:01] 🔄 运行 daily_report/meme交易/narrative_monitor.py
[08:24:15] ✅   完成 (14.2s)

[08:24:15] 📋 ═══ 叙事生命周期 (narrative_lifecycle) ═══
[08:24:15] 🔄 运行 meme/macro_lifecycle.py
[08:24:15] ✅   完成 (0.4s)

[08:24:15] 📋 ═══ 中观景气度 (chain_prosperity) ═══
[08:24:15] 🔄 运行 meso/chain_prosperity/chain_data.py
[08:24:40] ✅   完成 (24.4s)
[08:24:40] 🔄 运行 meso/chain_prosperity/chain_calc.py
[08:24:41] ✅   完成 (0.9s)

[08:24:41] 📋 ═══ 宏观打分+策略适配 (macro_score) ═══
[08:24:41] 🔄 运行 macro/score/macro_score.py
[08:24:41] ✅   完成 (0.1s)

[08:24:41] 📋 ═══ 期权卖权 (option_vol) ═══
[08:24:41] 🔄 运行 env_fit/option_vol/option_vol_main.py
[08:25:01] ✅   完成 (20.0s)

[08:25:01] 📋 ═══ 套利 (arbitrage) ═══
[08:25:01] 🔄 运行 size_spread/fund_nav/fund_nav_data.py
[08:25:06] ✅   完成 (5.3s)
[08:25:06] 🔄 运行 env_fit/arbitrage/fetch_incremental.py
[08:25:35] ✅   完成 (28.6s)
[08:25:35] 🔄 运行 env_fit/arbitrage/mod1_index_arb.py
[08:25:48] ✅   完成 (12.9s)
[08:25:48] 🔄 运行 env_fit/arbitrage/mod2_commodity_arb.py
[08:25:48] ✅   完成 (0.5s)
[08:25:48] 🔄 运行 env_fit/arbitrage/mod3_option_arb.py
[08:26:37] ✅   完成 (48.5s)

[08:26:37] 📋 ═══ HALO交易 (halo_trade) ═══
[08:26:37] 🔄 运行 halo_trade/halo_data_ifind_full.py
[08:26:54] ✅   完成 (17.3s)
[08:26:54] 🔄 运行 halo_trade/halo_financials_tushare.py
[08:26:55] ✅   完成 (1.4s)
[08:26:55] 🔄 运行 halo_trade/halo_pe_scissors_tushare.py
[08:26:57] ✅   完成 (2.1s)
[08:26:57] 🔄 运行 halo_trade/halo_calc.py
[08:26:58] ✅   完成 (0.9s)
[08:26:58] 🔄 运行 halo_trade/china_halo.py
[08:27:05] ✅   完成 (6.6s)

[08:27:05] 📋 ═══ 汇总 ═══
[08:27:05] 📋   ✅ 产品净值         (6.5s)
[08:27:05] 📋   ✅ 风格轧差         (8.4s)
[08:27:05] 📋   ✅ 宽基量化股票       (26.4s)
[08:27:05] 📋   ✅ 商品CTA        (21.9s)
[08:27:05] 📋   ✅ 转债指增         (26.2s)
[08:27:05] 📋   ✅ 红灯预警（A股）     (3.8s)
[08:27:05] 📋   ✅ 美股风险监控       (8.8s)
[08:27:05] 📋   ✅ 资金流拥挤度       (20.9s)
[08:27:05] 📋   ✅ 期权情绪         (47.9s)
[08:27:05] 📋   ❌ 宏观流动性        (1.8s)
[08:27:05] 📋   ✅ 利率数据         (4.5s)
[08:27:05] 📋   ✅ 基本面数据        (44.8s)
[08:27:05] 📋   ✅ 反脆弱看板        (18.8s)
[08:27:05] 📋   ✅ 叙事监控         (14.2s)
[08:27:05] 📋   ✅ 叙事生命周期       (0.4s)
[08:27:05] 📋   ✅ 中观景气度        (25.3s)
[08:27:05] 📋   ✅ 宏观打分+策略适配    (0.1s)
[08:27:05] 📋   ✅ 期权卖权         (20.0s)
[08:27:05] 📋   ✅ 套利           (95.8s)
[08:27:05] 📋   ✅ HALO交易       (28.3s)
[08:27:05] 📋 总耗时: 424.7s
[08:27:05] 📋 已更新 update_log.json
[08:27:05] 📋 ═══ 择时敞口评分页 ═══
[08:27:05] 🔄 运行 fetch_full_a_amount.py
[08:27:06] ✅   完成 (1.1s)
[08:27:06] 🔄 运行 ml_exposure_score.py
[08:27:17] ✅   完成 (10.6s)
[08:27:17] 🔄 运行 generate_ml_exposure_page.py
[08:27:17] ✅   完成 (0.1s)
[08:27:17] 🔄 运行 live_exposure_nav.py
[08:27:17] ✅   完成 (0.8s)
[08:27:17] 🔄 运行 generate_live_exposure_page.py
[08:27:18] ✅   完成 (0.8s)

[08:27:18] 📋 ═══ Git Push ═══
[08:27:20] 同步到云端...
[08:27:23] ✅ 同步完成
[08:27:24] ✅ 后端已重启
[main 1859b23] auto: update am 20/21 modules
 80 files changed, 673923 insertions(+), 677323 deletions(-)
 create mode 100644 "daily_report/meme\344\272\244\346\230\223/cache/narrative_20260413_0824.json"
 create mode 100644 halo_trade/halo_pe_scissors_etf.py
 create mode 100644 logs/update_all_am.log
 create mode 100644 server/users.db.bak.merge.20260412194754
 create mode 100644 "smart-notes/notes/2026-04-12_\350\207\252\351\200\211\350\202\241\350\267\237\350\270\252\345\231\250\346\250\241\345\235\227\346\225\260\346\215\256\346\272\220\346\270\205\345\215\225.md"
 create mode 100644 "smart-notes/notes/2026-04-12_\350\264\242\346\212\245\345\217\214\345\234\260\345\233\276\347\233\256\346\240\207\344\270\216\346\225\260\346\215\256\345\272\225\345\272\247\347\241\256\350\256\244.md"
 create mode 100644 "smart-notes/notes/2026-04-13_\350\264\242\346\212\245\351\243\216\351\231\251\351\241\265\345\244\232\345\271\264\345\272\217\345\210\227\344\270\216\345\215\225\345\255\243\345\272\246\345\217\243\345\276\204\344\277\256\346\255\243.md"
 create mode 100644 users.db.bak.merge.20260412194754
failed to store: -61
To https://github.com/byihuang-max/spread-dashboard.git
 ! [rejected]        main -> main (fetch first)
error: failed to push some refs to 'https://github.com/byihuang-max/spread-dashboard.git'
hint: Updates were rejected because the remote contains work that you do not
hint: have locally. This is usually caused by another repository pushing to
hint: the same ref. If you want to integrate the remote changes, use
hint: 'git pull' before pushing again.
hint: See the 'Note about fast-forwards' in 'git push --help' for details.
[08:27:30] ❌ Git 失败: Command '['git', 'push', 'origin', 'main']' returned non-zero exit status 1.
[08:27:30] ✅ 完成！
