[20:00:00] 📋 GAMT 投研看板 — 一键更新开始
[20:00:00] 📋 晚间全量模式：先常规后晚到，共 23 个模块
[20:00:00] 📋 ═══ 产品净值 (fund_nav) ═══
[20:00:00] 🔄 运行 size_spread/fund_nav/fund_nav_data.py
[20:00:07] ✅   完成 (7.3s)

[20:00:07] 📋 ═══ 风格轧差 (style_spread) ═══
[20:00:07] 🔄 运行 size_spread/fetch_incremental.py
[20:00:15] ✅   完成 (7.3s)
[20:00:15] 🔄 运行 size_spread/compute_spreads.py
[20:00:16] ✅   完成 (1.8s)
[20:00:16] 🔄 运行 size_spread/render_html.py
[20:00:16] ✅   完成 (0.1s)

[20:00:16] 📋 ═══ 宽基量化股票 (quant_stock) ═══
[20:00:16] 🔄 运行 size_spread/fund_nav/fund_nav_data.py
[20:00:22] ✅   完成 (5.9s)
[20:00:22] 🔄 运行 env_fit/quant_stock/quant_stock_data.py
[20:00:43] ✅   完成 (20.8s)
[20:00:43] 🔄 运行 env_fit/quant_stock/excess_attribution.py
[20:00:43] ✅   完成 (0.1s)
[20:00:43] 🔄 运行 env_fit/quant_stock/inject_quant_stock.py
[20:00:43] ✅   完成 (0.1s)

[20:00:43] 📋 ═══ 商品CTA (commodity_cta) ═══
[20:00:43] 🔄 运行 size_spread/fund_nav/fund_nav_data.py
[20:00:49] ✅   完成 (5.7s)
[20:00:49] 🔄 运行 env_fit/commodity_cta/commodity_data.py
[20:00:50] ✅   完成 (1.1s)
[20:00:50] 🔄 运行 env_fit/commodity_cta/mod1_cta_env.py
[20:00:50] ✅   完成 (0.1s)
[20:00:50] 🔄 运行 env_fit/commodity_cta/mod1b_pca_engine.py
[20:01:05] ✅   完成 (15.1s)
[20:01:05] 🔄 运行 env_fit/commodity_cta/mod1c_market_vol.py
[20:01:05] ✅   完成 (0.2s)
[20:01:05] 🔄 运行 env_fit/commodity_cta/mod2_trend_scan.py
[20:01:06] ✅   完成 (0.2s)
[20:01:06] 🔄 运行 env_fit/commodity_cta/mod2b_pca_loading.py
[20:01:06] ✅   完成 (0.1s)
[20:01:06] 🔄 运行 env_fit/commodity_cta/mod3_macro_ratio.py
[20:01:06] ✅   完成 (0.1s)
[20:01:06] 🔄 运行 env_fit/commodity_cta/commodity_cta_main.py
[20:01:06] ✅   完成 (0.1s)
[20:01:06] 🔄 运行 env_fit/commodity_cta/inject_commodity_cta.py
[20:01:06] ✅   完成 (0.1s)

[20:01:06] 📋 ═══ 转债指增 (cb_env) ═══
[20:01:06] 🔄 运行 size_spread/fund_nav/fund_nav_data.py
[20:01:12] ✅   完成 (5.5s)
[20:01:12] 🔄 运行 env_fit/cb_env/cb_data.py
[20:01:33] ✅   完成 (21.4s)
[20:01:33] 🔄 运行 env_fit/cb_env/cb_calc.py
[20:01:33] ✅   完成 (0.4s)
[20:01:33] 🔄 运行 env_fit/cb_env/inject_cb_env.py
[20:01:33] ✅   完成 (0.1s)
[20:01:33] 🔄 运行 env_fit/cb_env/inject_cb_nav.py
[20:01:34] ✅   完成 (0.1s)

[20:01:34] 📋 ═══ 红灯预警（A股） (alerts) ═══
[20:01:34] 🔄 运行 alerts/alerts_data.py
[20:01:37] ✅   完成 (3.6s)
[20:01:37] 🔄 运行 alerts/alerts_calc.py
[20:01:38] ✅   完成 (1.1s)

[20:01:38] 📋 ═══ 美股风险监控 (us_alerts) ═══
[20:01:38] 🔄 运行 alerts/us_alerts_data.py
[20:01:50] ✅   完成 (11.9s)
[20:01:50] 🔄 运行 alerts/us_alerts_calc.py
[20:01:51] ✅   完成 (1.3s)

[20:01:51] 📋 ═══ 资金流拥挤度 (crowding) ═══
[20:01:51] 🔄 运行 micro_flow/crowding/crowding_data.py
[20:02:12] ✅   完成 (20.3s)
[20:02:12] 🔄 运行 micro_flow/crowding/crowding_calc.py
[20:02:13] ✅   完成 (1.3s)

[20:02:13] 📋 ═══ 期权情绪 (option_sentiment) ═══
[20:02:13] 🔄 运行 micro_flow/option_sentiment/option_data.py
[20:02:23] ✅   完成 (9.6s)
[20:02:23] 🔄 运行 micro_flow/option_sentiment/option_calc.py
[20:03:08] ✅   完成 (44.8s)

[20:03:08] 📋 ═══ 宏观流动性 (macro_liquidity) ═══
[20:03:08] 🔄 运行 macro/liquidity/liquidity_data.py
[20:03:10] ❌   失败 (2.0s): _string
  File "pandas/_libs/tslibs/parsing.pyx", line 688, in pandas._libs.tslibs.parsing.dateutil_parse
pandas._libs.tslibs.parsing.DateParseError: year must be in 1..9999, not 20260330: 20260330.0

[20:03:10] ❌   数据脚本失败，跳过注入

[20:03:10] 📋 ═══ 利率数据 (macro_rates) ═══
[20:03:10] 🔄 运行 macro/rates/rates_data.py
[20:03:14] ✅   完成 (4.2s)
[20:03:14] 🔄 运行 macro/rates/rates_calc.py
[20:03:15] ✅   完成 (0.9s)

[20:03:15] 📋 ═══ 基本面数据 (macro_fundamentals) ═══
[20:03:15] 🔄 运行 macro/fundamentals/fundamentals_data.py
[20:04:15] ✅   完成 (60.5s)
[20:04:15] 🔄 运行 macro/fundamentals/fundamentals_calc.py
[20:04:16] ✅   完成 (1.0s)

[20:04:16] 📋 ═══ 反脆弱看板 (antifragile) ═══
[20:04:16] 🔄 运行 meme/antifragile/fetch_data_ifind.py
[20:04:37] ✅   完成 (20.7s)
[20:04:37] 🔄 运行 meme/antifragile/calc_corr.py
[20:04:38] ✅   完成 (1.2s)
[20:04:38] 🔄 运行 meme/antifragile/calc_meme.py
[20:04:39] ✅   完成 (1.0s)
[20:04:39] 🔄 运行 meme/antifragile/render_html.py
[20:04:40] ✅   完成 (0.9s)

[20:04:40] 📋 ═══ 叙事监控 (narrative_monitor) ═══
[20:04:40] 🔄 运行 daily_report/meme交易/narrative_monitor.py
[20:05:44] ✅   完成 (63.9s)

[20:05:44] 📋 ═══ 叙事生命周期 (narrative_lifecycle) ═══
[20:05:44] 🔄 运行 meme/macro_lifecycle.py
[20:05:44] ✅   完成 (0.4s)

[20:05:44] 📋 ═══ 中观景气度 (chain_prosperity) ═══
[20:05:44] 🔄 运行 meso/chain_prosperity/chain_data.py
[20:06:04] ✅   完成 (19.8s)
[20:06:04] 🔄 运行 meso/chain_prosperity/chain_calc.py
[20:06:05] ✅   完成 (1.0s)

[20:06:05] 📋 ═══ 宏观打分+策略适配 (macro_score) ═══
[20:06:05] 🔄 运行 macro/score/macro_score.py
[20:06:05] ✅   完成 (0.1s)

[20:06:05] 📋 ═══ 期权卖权 (option_vol) ═══
[20:06:05] 🔄 运行 env_fit/option_vol/option_vol_main.py
[20:06:25] ✅   完成 (20.5s)

[20:06:25] 📋 ═══ 套利 (arbitrage) ═══
[20:06:25] 🔄 运行 size_spread/fund_nav/fund_nav_data.py
[20:06:32] ✅   完成 (6.1s)
[20:06:32] 🔄 运行 env_fit/arbitrage/fetch_incremental.py
[20:06:48] ✅   完成 (16.0s)
[20:06:48] 🔄 运行 env_fit/arbitrage/mod1_index_arb.py
[20:07:00] ✅   完成 (12.8s)
[20:07:00] 🔄 运行 env_fit/arbitrage/mod2_commodity_arb.py
[20:07:01] ✅   完成 (0.5s)
[20:07:01] 🔄 运行 env_fit/arbitrage/mod3_option_arb.py
[20:07:49] ✅   完成 (48.5s)

[20:07:49] 📋 ═══ HALO交易 (halo_trade) ═══
[20:07:49] 🔄 运行 halo_trade/halo_data_ifind_full.py
[20:08:07] ✅   完成 (18.1s)
[20:08:07] 🔄 运行 halo_trade/halo_financials_tushare.py
[20:08:09] ✅   完成 (1.6s)
[20:08:09] 🔄 运行 halo_trade/halo_pe_scissors_tushare.py
[20:08:11] ✅   完成 (2.0s)
[20:08:11] 🔄 运行 halo_trade/halo_calc.py
[20:08:12] ✅   完成 (0.9s)
[20:08:12] 🔄 运行 halo_trade/china_halo.py
[20:08:21] ✅   完成 (8.8s)

[20:08:21] 📋 ═══ 强势股情绪 (momentum_stock) ═══
[20:08:21] 🔄 运行 size_spread/fund_nav/fund_nav_data.py
[20:08:27] ✅   完成 (6.0s)
[20:08:27] 🔄 运行 env_fit/momentum_stock/momentum_data.py
[20:08:29] ✅   完成 (2.2s)
[20:08:29] 🔄 运行 env_fit/momentum_stock/limit_index/limit_index_data.py
[20:08:50] ✅   完成 (21.4s)
[20:08:50] 🔄 运行 env_fit/momentum_stock/limit_index/seal_spread/seal_spread_data.py
[20:08:50] ✅   完成 (0.1s)
[20:08:50] 🔄 运行 env_fit/momentum_stock/momentum_sector.py
[20:08:53] ✅   完成 (2.8s)
[20:08:53] 🔄 运行 env_fit/momentum_stock/momentum_warning.py
[20:08:53] ✅   完成 (0.2s)
[20:08:53] 🔄 运行 env_fit/momentum_stock/momentum_return_decomp.py
[20:08:53] ✅   完成 (0.2s)
[20:08:53] 🔄 运行 env_fit/momentum_stock/inject_momentum.py
[20:08:54] ✅   完成 (0.2s)
[20:08:54] 🔄 运行 timing-research/generate_leader_pool.py
[20:08:54] ✅   完成 (0.1s)
[20:08:54] 🔄 运行 timing-research/export_leader_pool_history.py
[20:08:54] ✅   完成 (0.2s)
[20:08:54] 🔄 运行 timing-research/generate_replay_page.py
[20:08:54] ✅   完成 (0.2s)
[20:08:54] 🔄 运行 timing-research/push_limit_replay_feishu.py
[20:08:56] ✅   完成 (2.0s)

[20:08:56] 📋 ═══ 耐心资本 (patient_capital) ═══
[20:08:56] 🔄 运行 micro_flow/patient_capital/patient_data.py
[20:09:04] ✅   完成 (7.6s)
[20:09:04] 🔄 运行 micro_flow/patient_capital/patient_calc.py
[20:09:07] ✅   完成 (3.0s)

[20:09:07] 📋 ═══ 择时因子系统 (timing_factors) ═══
[20:09:07] 🔄 运行外部脚本: /Users/apple/Desktop/quant-backtest/timing_model/factor_system/daily_update.py
[20:09:45] ✅   完成 (38.6s)

[20:09:45] 📋 ═══ 汇总 ═══
[20:09:45] 📋   ✅ 产品净值         (7.3s)
[20:09:45] 📋   ✅ 风格轧差         (9.2s)
[20:09:45] 📋   ✅ 宽基量化股票       (26.9s)
[20:09:45] 📋   ✅ 商品CTA        (22.8s)
[20:09:45] 📋   ✅ 转债指增         (27.5s)
[20:09:45] 📋   ✅ 红灯预警（A股）     (4.7s)
[20:09:45] 📋   ✅ 美股风险监控       (13.2s)
[20:09:45] 📋   ✅ 资金流拥挤度       (21.7s)
[20:09:45] 📋   ✅ 期权情绪         (54.4s)
[20:09:45] 📋   ❌ 宏观流动性        (2.0s)
[20:09:45] 📋   ✅ 利率数据         (5.1s)
[20:09:45] 📋   ✅ 基本面数据        (61.4s)
[20:09:45] 📋   ✅ 反脆弱看板        (23.7s)
[20:09:45] 📋   ✅ 叙事监控         (63.9s)
[20:09:45] 📋   ✅ 叙事生命周期       (0.4s)
[20:09:45] 📋   ✅ 中观景气度        (20.7s)
[20:09:45] 📋   ✅ 宏观打分+策略适配    (0.1s)
[20:09:45] 📋   ✅ 期权卖权         (20.5s)
[20:09:45] 📋   ✅ 套利           (83.8s)
[20:09:45] 📋   ✅ HALO交易       (31.3s)
[20:09:45] 📋   ✅ 强势股情绪        (35.5s)
[20:09:45] 📋   ✅ 耐心资本         (10.5s)
[20:09:45] 📋   ✅ 择时因子系统       (38.6s)
[20:09:45] 📋 总耗时: 585.3s
[20:09:45] 📋 已更新 update_log.json
[20:09:45] 📋 ═══ Git Push ═══
[20:09:46] 同步到云端...
[main 123c0d0] auto: update pm 22/23 modules
 108 files changed, 25083 insertions(+), 13974 deletions(-)
 create mode 100644 "daily_report/meme\344\272\244\346\230\223/cache/narrative_20260413_2005.json"
 create mode 100644 logs/update_all_pm.log
 create mode 100644 timing-research/leader_pool_history/20260413.json
[20:09:50] ✅ 同步完成
[20:09:50] ✅ 后端已重启
[20:10:17] ❌ Git 失败: Command '['git', 'push', 'origin', 'main']' timed out after 30 seconds
[20:10:17] ✅ 完成！
fatal: Authentication failed for 'https://github.com/byihuang-max/spread-dashboard.git/'
